  basic_algorithm_array.cpp
F:\Code\VC++\LeetCode\LeetCodeSolution\LeetCodeSolution\LeetCodeSolution\LeetCodeSolution\basic_algorithm_array.cpp(102,23): warning C4267: “初始化”: 从“size_t”转换到“int”，可能丢失数据
F:\Code\VC++\LeetCode\LeetCodeSolution\LeetCodeSolution\LeetCodeSolution\LeetCodeSolution\basic_algorithm_array.cpp(338,33): warning C4267: “初始化”: 从“size_t”转换到“int”，可能丢失数据
F:\Code\VC++\LeetCode\LeetCodeSolution\LeetCodeSolution\LeetCodeSolution\LeetCodeSolution\basic_algorithm_array.cpp(373,32): warning C4267: “初始化”: 从“size_t”转换到“int”，可能丢失数据
F:\Code\VC++\LeetCode\LeetCodeSolution\LeetCodeSolution\LeetCodeSolution\LeetCodeSolution\basic_algorithm_array.cpp(448,33): warning C4267: “=”: 从“size_t”转换到“int”，可能丢失数据
F:\Code\VC++\LeetCode\LeetCodeSolution\LeetCodeSolution\LeetCodeSolution\LeetCodeSolution\basic_algorithm_array.cpp(467,18): warning C4244: “参数”: 从“__int64”转换到“const _Ty”，可能丢失数据
F:\Code\VC++\LeetCode\LeetCodeSolution\LeetCodeSolution\LeetCodeSolution\LeetCodeSolution\basic_algorithm_array.cpp(467,18): warning C4244:         with
F:\Code\VC++\LeetCode\LeetCodeSolution\LeetCodeSolution\LeetCodeSolution\LeetCodeSolution\basic_algorithm_array.cpp(467,18): warning C4244:         [
F:\Code\VC++\LeetCode\LeetCodeSolution\LeetCodeSolution\LeetCodeSolution\LeetCodeSolution\basic_algorithm_array.cpp(467,18): warning C4244:             _Ty=int
F:\Code\VC++\LeetCode\LeetCodeSolution\LeetCodeSolution\LeetCodeSolution\LeetCodeSolution\basic_algorithm_array.cpp(467,18): warning C4244:         ]
F:\Code\VC++\LeetCode\LeetCodeSolution\LeetCodeSolution\LeetCodeSolution\LeetCodeSolution\basic_algorithm_array.cpp(468,18): warning C4244: “参数”: 从“__int64”转换到“const _Ty”，可能丢失数据
F:\Code\VC++\LeetCode\LeetCodeSolution\LeetCodeSolution\LeetCodeSolution\LeetCodeSolution\basic_algorithm_array.cpp(468,18): warning C4244:         with
F:\Code\VC++\LeetCode\LeetCodeSolution\LeetCodeSolution\LeetCodeSolution\LeetCodeSolution\basic_algorithm_array.cpp(468,18): warning C4244:         [
F:\Code\VC++\LeetCode\LeetCodeSolution\LeetCodeSolution\LeetCodeSolution\LeetCodeSolution\basic_algorithm_array.cpp(468,18): warning C4244:             _Ty=int
F:\Code\VC++\LeetCode\LeetCodeSolution\LeetCodeSolution\LeetCodeSolution\LeetCodeSolution\basic_algorithm_array.cpp(468,18): warning C4244:         ]
F:\Code\VC++\LeetCode\LeetCodeSolution\LeetCodeSolution\LeetCodeSolution\LeetCodeSolution\basic_algorithm_array.cpp(472,18): warning C4244: “参数”: 从“__int64”转换到“const _Ty”，可能丢失数据
F:\Code\VC++\LeetCode\LeetCodeSolution\LeetCodeSolution\LeetCodeSolution\LeetCodeSolution\basic_algorithm_array.cpp(472,18): warning C4244:         with
F:\Code\VC++\LeetCode\LeetCodeSolution\LeetCodeSolution\LeetCodeSolution\LeetCodeSolution\basic_algorithm_array.cpp(472,18): warning C4244:         [
F:\Code\VC++\LeetCode\LeetCodeSolution\LeetCodeSolution\LeetCodeSolution\LeetCodeSolution\basic_algorithm_array.cpp(472,18): warning C4244:             _Ty=int
F:\Code\VC++\LeetCode\LeetCodeSolution\LeetCodeSolution\LeetCodeSolution\LeetCodeSolution\basic_algorithm_array.cpp(472,18): warning C4244:         ]
F:\Code\VC++\LeetCode\LeetCodeSolution\LeetCodeSolution\LeetCodeSolution\LeetCodeSolution\basic_algorithm_array.cpp(473,18): warning C4244: “参数”: 从“__int64”转换到“const _Ty”，可能丢失数据
F:\Code\VC++\LeetCode\LeetCodeSolution\LeetCodeSolution\LeetCodeSolution\LeetCodeSolution\basic_algorithm_array.cpp(473,18): warning C4244:         with
F:\Code\VC++\LeetCode\LeetCodeSolution\LeetCodeSolution\LeetCodeSolution\LeetCodeSolution\basic_algorithm_array.cpp(473,18): warning C4244:         [
F:\Code\VC++\LeetCode\LeetCodeSolution\LeetCodeSolution\LeetCodeSolution\LeetCodeSolution\basic_algorithm_array.cpp(473,18): warning C4244:             _Ty=int
F:\Code\VC++\LeetCode\LeetCodeSolution\LeetCodeSolution\LeetCodeSolution\LeetCodeSolution\basic_algorithm_array.cpp(473,18): warning C4244:         ]
  main.cpp
  正在生成代码...
F:\Code\VC++\LeetCode\LeetCodeSolution\LeetCodeSolution\LeetCodeSolution\LeetCodeSolution\basic_algorithm_array.cpp(593,23): warning C4267: “初始化”: 从“size_t”转换到“int”，可能丢失数据
  LeetCodeSolution.vcxproj -> F:\Code\VC++\LeetCode\LeetCodeSolution\LeetCodeSolution\LeetCodeSolution\x64\Debug\LeetCodeSolution.exe
